2026-02-03 19:11:08 +0000 - dagster - DEBUG - my_simple_dbt_job - efc5f3bb-2082-4836-9af6-aecf4b092a8b - 24386 - LOGS_CAPTURED - Started capturing logs in process (pid: 24386).
2026-02-03 19:11:09 +0000 - dagster - DEBUG - my_simple_dbt_job - efc5f3bb-2082-4836-9af6-aecf4b092a8b - 24386 - trigger_dbt_run - STEP_START - Started execution of step "trigger_dbt_run".
2026-02-03 19:11:15 +0000 - dagster - WARNING - my_simple_dbt_job - efc5f3bb-2082-4836-9af6-aecf4b092a8b - trigger_dbt_run - An error was encountered when creating a handle to the dbt adapter in Dagster.
Traceback (most recent call last):
  File "/usr/local/lib/python3.10/site-packages/dbt/adapters/factory.py", line 68, in load_plugin
    mod: Any = import_module("." + name, "dbt.adapters")
  File "/usr/local/lib/python3.10/importlib/__init__.py", line 126, in import_module
    return _bootstrap._gcd_import(name[level:], package, level)
  File "<frozen importlib._bootstrap>", line 1050, in _gcd_import
  File "<frozen importlib._bootstrap>", line 1027, in _find_and_load
  File "<frozen importlib._bootstrap>", line 1004, in _find_and_load_unlocked
ModuleNotFoundError: No module named 'dbt.adapters.databricks'

During handling of the above exception, another exception occurred:

Traceback (most recent call last):
  File "/usr/local/lib/python3.10/site-packages/dbt/config/profile.py", line 150, in _credentials_from_profile
    cls = load_plugin(typename)
  File "/usr/local/lib/python3.10/site-packages/dbt/adapters/factory.py", line 239, in load_plugin
    return FACTORY.load_plugin(name)
  File "/usr/local/lib/python3.10/site-packages/dbt/adapters/factory.py", line 74, in load_plugin
    raise DbtRuntimeError(f"Could not find adapter type {name}!")
dbt_common.exceptions.base.DbtRuntimeError: Runtime Error
  Could not find adapter type databricks!

The above exception was the direct cause of the following exception:

Traceback (most recent call last):
  File "/usr/local/lib/python3.10/site-packages/dagster_dbt/core/resource.py", line 700, in cli
    adapter = self._initialize_dbt_core_adapter(args)
  File "/usr/local/lib/python3.10/site-packages/dagster_dbt/core/resource.py", line 381, in _initialize_dbt_core_adapter
    profile = load_profile(self.project_dir, cli_vars, self.profile, self.target)
  File "/usr/local/lib/python3.10/site-packages/dbt/config/runtime.py", line 79, in load_profile
    profile = Profile.render(
  File "/usr/local/lib/python3.10/site-packages/dbt/config/profile.py", line 404, in render
    return cls.from_raw_profiles(
  File "/usr/local/lib/python3.10/site-packages/dbt/config/profile.py", line 370, in from_raw_profiles
    return cls.from_raw_profile_info(
  File "/usr/local/lib/python3.10/site-packages/dbt/config/profile.py", line 326, in from_raw_profile_info
    credentials: Credentials = cls._credentials_from_profile(
  File "/usr/local/lib/python3.10/site-packages/dbt/config/profile.py", line 156, in _credentials_from_profile
    raise DbtProfileError(
dbt.exceptions.DbtProfileError: Runtime Error
  Credentials in profile "airbnb", target "dev" invalid: Runtime Error
    Could not find adapter type databricks!
2026-02-03 19:11:15 +0000 - dagster - INFO - my_simple_dbt_job - efc5f3bb-2082-4836-9af6-aecf4b092a8b - trigger_dbt_run - Running dbt command: `dbt run`.
2026-02-03 19:11:20 +0000 - dagster - INFO - my_simple_dbt_job - efc5f3bb-2082-4836-9af6-aecf4b092a8b - trigger_dbt_run - Finished dbt command: `dbt run`.
2026-02-03 19:11:20 +0000 - dagster - ERROR - my_simple_dbt_job - efc5f3bb-2082-4836-9af6-aecf4b092a8b - 24386 - trigger_dbt_run - STEP_FAILURE - Execution of step "trigger_dbt_run" failed.

dagster_dbt.errors.DagsterDbtCliRuntimeError: The dbt CLI process with command

`dbt run`

failed with exit code `2`. Check the stdout in the Dagster compute logs for the full information about the error, or view the dbt debug log: /opt/dagster/app/airbnb_dbt_fusion_data_bricks/target/1deaf3b/dbt.log.

Errors parsed from dbt logs:

Encountered an error:
Runtime Error
  Credentials in profile "airbnb", target "dev" invalid: Runtime Error
    Could not find adapter type databricks!

Stack Trace:
  File "/usr/local/lib/python3.10/site-packages/dagster/_core/execution/plan/execute_plan.py", line 247, in dagster_event_sequence_for_step
    yield from check.generator(step_events)
  File "/usr/local/lib/python3.10/site-packages/dagster/_core/execution/plan/execute_step.py", line 505, in core_dagster_event_sequence_for_step
    for user_event in _step_output_error_checked_user_event_sequence(
  File "/usr/local/lib/python3.10/site-packages/dagster/_core/execution/plan/execute_step.py", line 184, in _step_output_error_checked_user_event_sequence
    for user_event in user_event_sequence:
  File "/usr/local/lib/python3.10/site-packages/dagster/_core/execution/plan/execute_step.py", line 88, in _process_asset_results_to_events
    for user_event in user_event_sequence:
  File "/usr/local/lib/python3.10/site-packages/dagster/_core/execution/plan/compute.py", line 188, in execute_core_compute
    for step_output in _yield_compute_results(step_context, inputs, compute_fn, compute_context):
  File "/usr/local/lib/python3.10/site-packages/dagster/_core/execution/plan/compute.py", line 157, in _yield_compute_results
    for event in iterate_with_context(
  File "/usr/local/lib/python3.10/site-packages/dagster/_utils/__init__.py", line 394, in iterate_with_context
    next_output = next(iterator)
  File "/opt/dagster/app/test.py", line 11, in trigger_dbt_run
    yield from dbt.cli(["run"]).stream()
  File "/usr/local/lib/python3.10/site-packages/dagster_dbt/core/dbt_event_iterator.py", line 215, in __next__
    return next(self._inner_iterator)
  File "/usr/local/lib/python3.10/site-packages/dagster_dbt/core/dbt_cli_invocation.py", line 288, in _stream_asset_events
    for event in self.stream_raw_events():
  File "/usr/local/lib/python3.10/site-packages/dagster_dbt/core/dbt_cli_invocation.py", line 381, in stream_raw_events
    self._raise_on_error()
  File "/usr/local/lib/python3.10/site-packages/dagster_dbt/core/dbt_cli_invocation.py", line 474, in _raise_on_error
    raise error

