2026-02-03 19:06:57 +0000 - dagster - DEBUG - my_simple_dbt_job - 0e2c4495-6d7d-409e-adb1-568b6af0d5c3 - 18653 - LOGS_CAPTURED - Started capturing logs in process (pid: 18653).
2026-02-03 19:06:57 +0000 - dagster - DEBUG - my_simple_dbt_job - 0e2c4495-6d7d-409e-adb1-568b6af0d5c3 - 18653 - trigger_dbt_run - STEP_START - Started execution of step "trigger_dbt_run".
2026-02-03 19:07:05 +0000 - dagster - WARNING - my_simple_dbt_job - 0e2c4495-6d7d-409e-adb1-568b6af0d5c3 - trigger_dbt_run - An error was encountered when creating a handle to the dbt adapter in Dagster.
Traceback (most recent call last):
  File "/usr/local/lib/python3.10/site-packages/dbt/adapters/factory.py", line 68, in load_plugin
    mod: Any = import_module("." + name, "dbt.adapters")
  File "/usr/local/lib/python3.10/importlib/__init__.py", line 126, in import_module
    return _bootstrap._gcd_import(name[level:], package, level)
  File "<frozen importlib._bootstrap>", line 1050, in _gcd_import
  File "<frozen importlib._bootstrap>", line 1027, in _find_and_load
  File "<frozen importlib._bootstrap>", line 1004, in _find_and_load_unlocked
ModuleNotFoundError: No module named 'dbt.adapters.databricks'

During handling of the above exception, another exception occurred:

Traceback (most recent call last):
  File "/usr/local/lib/python3.10/site-packages/dbt/config/profile.py", line 150, in _credentials_from_profile
    cls = load_plugin(typename)
  File "/usr/local/lib/python3.10/site-packages/dbt/adapters/factory.py", line 239, in load_plugin
    return FACTORY.load_plugin(name)
  File "/usr/local/lib/python3.10/site-packages/dbt/adapters/factory.py", line 74, in load_plugin
    raise DbtRuntimeError(f"Could not find adapter type {name}!")
dbt_common.exceptions.base.DbtRuntimeError: Runtime Error
  Could not find adapter type databricks!

The above exception was the direct cause of the following exception:

Traceback (most recent call last):
  File "/usr/local/lib/python3.10/site-packages/dagster_dbt/core/resource.py", line 700, in cli
    adapter = self._initialize_dbt_core_adapter(args)
  File "/usr/local/lib/python3.10/site-packages/dagster_dbt/core/resource.py", line 381, in _initialize_dbt_core_adapter
    profile = load_profile(self.project_dir, cli_vars, self.profile, self.target)
  File "/usr/local/lib/python3.10/site-packages/dbt/config/runtime.py", line 79, in load_profile
    profile = Profile.render(
  File "/usr/local/lib/python3.10/site-packages/dbt/config/profile.py", line 404, in render
    return cls.from_raw_profiles(
  File "/usr/local/lib/python3.10/site-packages/dbt/config/profile.py", line 370, in from_raw_profiles
    return cls.from_raw_profile_info(
  File "/usr/local/lib/python3.10/site-packages/dbt/config/profile.py", line 326, in from_raw_profile_info
    credentials: Credentials = cls._credentials_from_profile(
  File "/usr/local/lib/python3.10/site-packages/dbt/config/profile.py", line 156, in _credentials_from_profile
    raise DbtProfileError(
dbt.exceptions.DbtProfileError: Runtime Error
  Credentials in profile "airbnb", target "dev" invalid: Runtime Error
    Could not find adapter type databricks!
2026-02-03 19:07:05 +0000 - dagster - INFO - my_simple_dbt_job - 0e2c4495-6d7d-409e-adb1-568b6af0d5c3 - trigger_dbt_run - Running dbt command: `dbt run`.
2026-02-03 19:07:05 +0000 - dagster - ERROR - my_simple_dbt_job - 0e2c4495-6d7d-409e-adb1-568b6af0d5c3 - 18653 - trigger_dbt_run - STEP_FAILURE - Execution of step "trigger_dbt_run" failed.

dagster._core.errors.DagsterExecutionStepExecutionError: Error occurred while executing op "trigger_dbt_run"::

AttributeError: 'DbtCliInvocation' object has no attribute 'get_artifacts'

Stack Trace:
  File "/usr/local/lib/python3.10/site-packages/dagster/_core/execution/plan/utils.py", line 57, in op_execution_error_boundary
    yield
  File "/usr/local/lib/python3.10/site-packages/dagster/_utils/__init__.py", line 394, in iterate_with_context
    next_output = next(iterator)
  File "/opt/dagster/app/test.py", line 11, in trigger_dbt_run
    yield from dbt.cli(["run"]).get_artifacts()

